{"meta": {"format": 3, "version": "7.13.1", "timestamp": "2026-01-09T20:04:16.061251", "branch_coverage": false, "show_contexts": false}, "files": {"app/__init__.py": {"executed_lines": [3], "summary": {"covered_lines": 1, "num_statements": 1, "percent_covered": 100.0, "percent_covered_display": "100", "missing_lines": 0, "excluded_lines": 0, "percent_statements_covered": 100.0, "percent_statements_covered_display": "100"}, "missing_lines": [], "excluded_lines": [], "functions": {"": {"executed_lines": [3], "summary": {"covered_lines": 1, "num_statements": 1, "percent_covered": 100.0, "percent_covered_display": "100", "missing_lines": 0, "excluded_lines": 0, "percent_statements_covered": 100.0, "percent_statements_covered_display": "100"}, "missing_lines": [], "excluded_lines": [], "start_line": 1}}, "classes": {"": {"executed_lines": [3], "summary": {"covered_lines": 1, "num_statements": 1, "percent_covered": 100.0, "percent_covered_display": "100", "missing_lines": 0, "excluded_lines": 0, "percent_statements_covered": 100.0, "percent_statements_covered_display": "100"}, "missing_lines": [], "excluded_lines": [], "start_line": 1}}}, "app/config.py": {"executed_lines": [3, 6, 9, 12, 15, 18, 19, 20, 23, 24, 27, 30], "summary": {"covered_lines": 12, "num_statements": 12, "percent_covered": 100.0, "percent_covered_display": "100", "missing_lines": 0, "excluded_lines": 0, "percent_statements_covered": 100.0, "percent_statements_covered_display": "100"}, "missing_lines": [], "excluded_lines": [], "functions": {"": {"executed_lines": [3, 6, 9, 12, 15, 18, 19, 20, 23, 24, 27, 30], "summary": {"covered_lines": 12, "num_statements": 12, "percent_covered": 100.0, "percent_covered_display": "100", "missing_lines": 0, "excluded_lines": 0, "percent_statements_covered": 100.0, "percent_statements_covered_display": "100"}, "missing_lines": [], "excluded_lines": [], "start_line": 1}}, "classes": {"Settings": {"executed_lines": [], "summary": {"covered_lines": 0, "num_statements": 0, "percent_covered": 100.0, "percent_covered_display": "100", "missing_lines": 0, "excluded_lines": 0, "percent_statements_covered": 100.0, "percent_statements_covered_display": "100"}, "missing_lines": [], "excluded_lines": [], "start_line": 6}, "": {"executed_lines": [3, 6, 9, 12, 15, 18, 19, 20, 23, 24, 27, 30], "summary": {"covered_lines": 12, "num_statements": 12, "percent_covered": 100.0, "percent_covered_display": "100", "missing_lines": 0, "excluded_lines": 0, "percent_statements_covered": 100.0, "percent_statements_covered_display": "100"}, "missing_lines": [], "excluded_lines": [], "start_line": 1}}}, "app/crud.py": {"executed_lines": [3, 5, 7, 8, 11, 16, 21, 39, 48, 64, 80], "summary": {"covered_lines": 11, "num_statements": 50, "percent_covered": 22.0, "percent_covered_display": "22", "missing_lines": 39, "excluded_lines": 0, "percent_statements_covered": 22.0, "percent_statements_covered_display": "22"}, "missing_lines": [13, 18, 29, 31, 32, 33, 34, 36, 41, 42, 43, 44, 45, 50, 51, 52, 54, 55, 56, 58, 59, 60, 61, 66, 67, 68, 70, 71, 72, 73, 75, 76, 77, 82, 83, 84, 86, 87, 88], "excluded_lines": [], "functions": {"get_listing": {"executed_lines": [], "summary": {"covered_lines": 0, "num_statements": 1, "percent_covered": 0.0, "percent_covered_display": "0", "missing_lines": 1, "excluded_lines": 0, "percent_statements_covered": 0.0, "percent_statements_covered_display": "0"}, "missing_lines": [13], "excluded_lines": [], "start_line": 11}, "get_listing_by_external_id": {"executed_lines": [], "summary": {"covered_lines": 0, "num_statements": 1, "percent_covered": 0.0, "percent_covered_display": "0", "missing_lines": 1, "excluded_lines": 0, "percent_statements_covered": 0.0, "percent_statements_covered_display": "0"}, "missing_lines": [18], "excluded_lines": [], "start_line": 16}, "get_listings": {"executed_lines": [], "summary": {"covered_lines": 0, "num_statements": 6, "percent_covered": 0.0, "percent_covered_display": "0", "missing_lines": 6, "excluded_lines": 0, "percent_statements_covered": 0.0, "percent_statements_covered_display": "0"}, "missing_lines": [29, 31, 32, 33, 34, 36], "excluded_lines": [], "start_line": 21}, "create_listing": {"executed_lines": [], "summary": {"covered_lines": 0, "num_statements": 5, "percent_covered": 0.0, "percent_covered_display": "0", "missing_lines": 5, "excluded_lines": 0, "percent_statements_covered": 0.0, "percent_statements_covered_display": "0"}, "missing_lines": [41, 42, 43, 44, 45], "excluded_lines": [], "start_line": 39}, "update_listing": {"executed_lines": [], "summary": {"covered_lines": 0, "num_statements": 10, "percent_covered": 0.0, "percent_covered_display": "0", "missing_lines": 10, "excluded_lines": 0, "percent_statements_covered": 0.0, "percent_statements_covered_display": "0"}, "missing_lines": [50, 51, 52, 54, 55, 56, 58, 59, 60, 61], "excluded_lines": [], "start_line": 48}, "mark_listing_sold": {"executed_lines": [], "summary": {"covered_lines": 0, "num_statements": 10, "percent_covered": 0.0, "percent_covered_display": "0", "missing_lines": 10, "excluded_lines": 0, "percent_statements_covered": 0.0, "percent_statements_covered_display": "0"}, "missing_lines": [66, 67, 68, 70, 71, 72, 73, 75, 76, 77], "excluded_lines": [], "start_line": 64}, "delete_listing": {"executed_lines": [], "summary": {"covered_lines": 0, "num_statements": 6, "percent_covered": 0.0, "percent_covered_display": "0", "missing_lines": 6, "excluded_lines": 0, "percent_statements_covered": 0.0, "percent_statements_covered_display": "0"}, "missing_lines": [82, 83, 84, 86, 87, 88], "excluded_lines": [], "start_line": 80}, "": {"executed_lines": [3, 5, 7, 8, 11, 16, 21, 39, 48, 64, 80], "summary": {"covered_lines": 11, "num_statements": 11, "percent_covered": 100.0, "percent_covered_display": "100", "missing_lines": 0, "excluded_lines": 0, "percent_statements_covered": 100.0, "percent_statements_covered_display": "100"}, "missing_lines": [], "excluded_lines": [], "start_line": 1}}, "classes": {"": {"executed_lines": [3, 5, 7, 8, 11, 16, 21, 39, 48, 64, 80], "summary": {"covered_lines": 11, "num_statements": 50, "percent_covered": 22.0, "percent_covered_display": "22", "missing_lines": 39, "excluded_lines": 0, "percent_statements_covered": 22.0, "percent_statements_covered_display": "22"}, "missing_lines": [13, 18, 29, 31, 32, 33, 34, 36, 41, 42, 43, 44, 45, 50, 51, 52, 54, 55, 56, 58, 59, 60, 61, 66, 67, 68, 70, 71, 72, 73, 75, 76, 77, 82, 83, 84, 86, 87, 88], "excluded_lines": [], "start_line": 1}}}, "app/database.py": {"executed_lines": [3, 4, 5, 7, 9, 10, 11, 14], "summary": {"covered_lines": 8, "num_statements": 12, "percent_covered": 66.66666666666667, "percent_covered_display": "67", "missing_lines": 4, "excluded_lines": 0, "percent_statements_covered": 66.66666666666667, "percent_statements_covered_display": "67"}, "missing_lines": [16, 17, 18, 20], "excluded_lines": [], "functions": {"get_db": {"executed_lines": [], "summary": {"covered_lines": 0, "num_statements": 4, "percent_covered": 0.0, "percent_covered_display": "0", "missing_lines": 4, "excluded_lines": 0, "percent_statements_covered": 0.0, "percent_statements_covered_display": "0"}, "missing_lines": [16, 17, 18, 20], "excluded_lines": [], "start_line": 14}, "": {"executed_lines": [3, 4, 5, 7, 9, 10, 11, 14], "summary": {"covered_lines": 8, "num_statements": 8, "percent_covered": 100.0, "percent_covered_display": "100", "missing_lines": 0, "excluded_lines": 0, "percent_statements_covered": 100.0, "percent_statements_covered_display": "100"}, "missing_lines": [], "excluded_lines": [], "start_line": 1}}, "classes": {"": {"executed_lines": [3, 4, 5, 7, 9, 10, 11, 14], "summary": {"covered_lines": 8, "num_statements": 12, "percent_covered": 66.66666666666667, "percent_covered_display": "67", "missing_lines": 4, "excluded_lines": 0, "percent_statements_covered": 66.66666666666667, "percent_statements_covered_display": "67"}, "missing_lines": [16, 17, 18, 20], "excluded_lines": [], "start_line": 1}}}, "app/main.py": {"executed_lines": [3, 5, 6, 8, 9, 12, 13, 22, 30, 39, 40, 43, 44, 46, 49, 50, 52], "summary": {"covered_lines": 17, "num_statements": 20, "percent_covered": 85.0, "percent_covered_display": "85", "missing_lines": 3, "excluded_lines": 0, "percent_statements_covered": 85.0, "percent_statements_covered_display": "85"}, "missing_lines": [16, 17, 19], "excluded_lines": [], "functions": {"lifespan": {"executed_lines": [], "summary": {"covered_lines": 0, "num_statements": 3, "percent_covered": 0.0, "percent_covered_display": "0", "missing_lines": 3, "excluded_lines": 0, "percent_statements_covered": 0.0, "percent_statements_covered_display": "0"}, "missing_lines": [16, 17, 19], "excluded_lines": [], "start_line": 13}, "root": {"executed_lines": [46], "summary": {"covered_lines": 1, "num_statements": 1, "percent_covered": 100.0, "percent_covered_display": "100", "missing_lines": 0, "excluded_lines": 0, "percent_statements_covered": 100.0, "percent_statements_covered_display": "100"}, "missing_lines": [], "excluded_lines": [], "start_line": 44}, "health": {"executed_lines": [52], "summary": {"covered_lines": 1, "num_statements": 1, "percent_covered": 100.0, "percent_covered_display": "100", "missing_lines": 0, "excluded_lines": 0, "percent_statements_covered": 100.0, "percent_statements_covered_display": "100"}, "missing_lines": [], "excluded_lines": [], "start_line": 50}, "": {"executed_lines": [3, 5, 6, 8, 9, 12, 13, 22, 30, 39, 40, 43, 44, 49, 50], "summary": {"covered_lines": 15, "num_statements": 15, "percent_covered": 100.0, "percent_covered_display": "100", "missing_lines": 0, "excluded_lines": 0, "percent_statements_covered": 100.0, "percent_statements_covered_display": "100"}, "missing_lines": [], "excluded_lines": [], "start_line": 1}}, "classes": {"": {"executed_lines": [3, 5, 6, 8, 9, 12, 13, 22, 30, 39, 40, 43, 44, 46, 49, 50, 52], "summary": {"covered_lines": 17, "num_statements": 20, "percent_covered": 85.0, "percent_covered_display": "85", "missing_lines": 3, "excluded_lines": 0, "percent_statements_covered": 85.0, "percent_statements_covered_display": "85"}, "missing_lines": [16, 17, 19], "excluded_lines": [], "start_line": 1}}}, "app/models.py": {"executed_lines": [3, 5, 6, 8, 11, 14, 16, 17, 18, 19, 20, 21, 22, 23, 24, 25, 26, 27, 28, 29, 30, 31, 32, 33, 34, 35, 36, 37, 42, 45, 50, 53, 55, 56, 59, 60, 63, 66, 69, 71, 72, 75, 76, 77, 78, 79, 80, 83, 86, 89, 91, 92, 93, 94, 95, 96, 97], "summary": {"covered_lines": 57, "num_statements": 57, "percent_covered": 100.0, "percent_covered_display": "100", "missing_lines": 0, "excluded_lines": 0, "percent_statements_covered": 100.0, "percent_statements_covered_display": "100"}, "missing_lines": [], "excluded_lines": [], "functions": {"": {"executed_lines": [3, 5, 6, 8, 11, 14, 16, 17, 18, 19, 20, 21, 22, 23, 24, 25, 26, 27, 28, 29, 30, 31, 32, 33, 34, 35, 36, 37, 42, 45, 50, 53, 55, 56, 59, 60, 63, 66, 69, 71, 72, 75, 76, 77, 78, 79, 80, 83, 86, 89, 91, 92, 93, 94, 95, 96, 97], "summary": {"covered_lines": 57, "num_statements": 57, "percent_covered": 100.0, "percent_covered_display": "100", "missing_lines": 0, "excluded_lines": 0, "percent_statements_covered": 100.0, "percent_statements_covered_display": "100"}, "missing_lines": [], "excluded_lines": [], "start_line": 1}}, "classes": {"Listing": {"executed_lines": [], "summary": {"covered_lines": 0, "num_statements": 0, "percent_covered": 100.0, "percent_covered_display": "100", "missing_lines": 0, "excluded_lines": 0, "percent_statements_covered": 100.0, "percent_statements_covered_display": "100"}, "missing_lines": [], "excluded_lines": [], "start_line": 11}, "PriceHistory": {"executed_lines": [], "summary": {"covered_lines": 0, "num_statements": 0, "percent_covered": 100.0, "percent_covered_display": "100", "missing_lines": 0, "excluded_lines": 0, "percent_statements_covered": 100.0, "percent_statements_covered_display": "100"}, "missing_lines": [], "excluded_lines": [], "start_line": 50}, "CompetitorPrice": {"executed_lines": [], "summary": {"covered_lines": 0, "num_statements": 0, "percent_covered": 100.0, "percent_covered_display": "100", "missing_lines": 0, "excluded_lines": 0, "percent_statements_covered": 100.0, "percent_statements_covered_display": "100"}, "missing_lines": [], "excluded_lines": [], "start_line": 66}, "Monitor": {"executed_lines": [], "summary": {"covered_lines": 0, "num_statements": 0, "percent_covered": 100.0, "percent_covered_display": "100", "missing_lines": 0, "excluded_lines": 0, "percent_statements_covered": 100.0, "percent_statements_covered_display": "100"}, "missing_lines": [], "excluded_lines": [], "start_line": 86}, "": {"executed_lines": [3, 5, 6, 8, 11, 14, 16, 17, 18, 19, 20, 21, 22, 23, 24, 25, 26, 27, 28, 29, 30, 31, 32, 33, 34, 35, 36, 37, 42, 45, 50, 53, 55, 56, 59, 60, 63, 66, 69, 71, 72, 75, 76, 77, 78, 79, 80, 83, 86, 89, 91, 92, 93, 94, 95, 96, 97], "summary": {"covered_lines": 57, "num_statements": 57, "percent_covered": 100.0, "percent_covered_display": "100", "missing_lines": 0, "excluded_lines": 0, "percent_statements_covered": 100.0, "percent_statements_covered_display": "100"}, "missing_lines": [], "excluded_lines": [], "start_line": 1}}}, "app/routers/__init__.py": {"executed_lines": [], "summary": {"covered_lines": 0, "num_statements": 0, "percent_covered": 100.0, "percent_covered_display": "100", "missing_lines": 0, "excluded_lines": 0, "percent_statements_covered": 100.0, "percent_statements_covered_display": "100"}, "missing_lines": [], "excluded_lines": [], "functions": {"": {"executed_lines": [], "summary": {"covered_lines": 0, "num_statements": 0, "percent_covered": 100.0, "percent_covered_display": "100", "missing_lines": 0, "excluded_lines": 0, "percent_statements_covered": 100.0, "percent_statements_covered_display": "100"}, "missing_lines": [], "excluded_lines": [], "start_line": 1}}, "classes": {"": {"executed_lines": [], "summary": {"covered_lines": 0, "num_statements": 0, "percent_covered": 100.0, "percent_covered_display": "100", "missing_lines": 0, "excluded_lines": 0, "percent_statements_covered": 100.0, "percent_statements_covered_display": "100"}, "missing_lines": [], "excluded_lines": [], "start_line": 1}}}, "app/routers/generate.py": {"executed_lines": [3, 4, 5, 7, 9, 15, 16, 17, 19, 21, 24, 25, 26, 27, 30, 31, 65, 66, 77, 78, 84, 85, 92, 93, 94, 95, 96, 97, 101, 102, 106, 107, 112, 114, 124, 125, 126, 128, 129, 131, 132, 133, 134, 136, 142, 143, 146, 156, 157, 158, 162, 163, 164, 170, 171, 173], "summary": {"covered_lines": 56, "num_statements": 69, "percent_covered": 81.15942028985508, "percent_covered_display": "81", "missing_lines": 13, "excluded_lines": 0, "percent_statements_covered": 81.15942028985508, "percent_statements_covered_display": "81"}, "missing_lines": [35, 36, 41, 42, 44, 45, 50, 55, 56, 57, 58, 59, 86], "excluded_lines": [], "functions": {"upload_images": {"executed_lines": [], "summary": {"covered_lines": 0, "num_statements": 12, "percent_covered": 0.0, "percent_covered_display": "0", "missing_lines": 12, "excluded_lines": 0, "percent_statements_covered": 0.0, "percent_statements_covered_display": "0"}, "missing_lines": [35, 36, 41, 42, 44, 45, 50, 55, 56, 57, 58, 59], "excluded_lines": [], "start_line": 31}, "generate_description": {"executed_lines": [77, 78, 84, 85, 92, 93, 94, 95, 96, 97, 101, 102, 106, 107, 112, 114, 124, 125, 126, 128, 129, 131, 132, 133, 134, 136, 142, 143, 146, 156, 157, 158, 162, 163, 164], "summary": {"covered_lines": 35, "num_statements": 36, "percent_covered": 97.22222222222223, "percent_covered_display": "97", "missing_lines": 1, "excluded_lines": 0, "percent_statements_covered": 97.22222222222223, "percent_statements_covered_display": "97"}, "missing_lines": [86], "excluded_lines": [], "start_line": 66}, "get_categories": {"executed_lines": [173], "summary": {"covered_lines": 1, "num_statements": 1, "percent_covered": 100.0, "percent_covered_display": "100", "missing_lines": 0, "excluded_lines": 0, "percent_statements_covered": 100.0, "percent_statements_covered_display": "100"}, "missing_lines": [], "excluded_lines": [], "start_line": 171}, "": {"executed_lines": [3, 4, 5, 7, 9, 15, 16, 17, 19, 21, 24, 25, 26, 27, 30, 31, 65, 66, 170, 171], "summary": {"covered_lines": 20, "num_statements": 20, "percent_covered": 100.0, "percent_covered_display": "100", "missing_lines": 0, "excluded_lines": 0, "percent_statements_covered": 100.0, "percent_statements_covered_display": "100"}, "missing_lines": [], "excluded_lines": [], "start_line": 1}}, "classes": {"": {"executed_lines": [3, 4, 5, 7, 9, 15, 16, 17, 19, 21, 24, 25, 26, 27, 30, 31, 65, 66, 77, 78, 84, 85, 92, 93, 94, 95, 96, 97, 101, 102, 106, 107, 112, 114, 124, 125, 126, 128, 129, 131, 132, 133, 134, 136, 142, 143, 146, 156, 157, 158, 162, 163, 164, 170, 171, 173], "summary": {"covered_lines": 56, "num_statements": 69, "percent_covered": 81.15942028985508, "percent_covered_display": "81", "missing_lines": 13, "excluded_lines": 0, "percent_statements_covered": 81.15942028985508, "percent_statements_covered_display": "81"}, "missing_lines": [35, 36, 41, 42, 44, 45, 50, 55, 56, 57, 58, 59, 86], "excluded_lines": [], "start_line": 1}}}, "app/routers/listings.py": {"executed_lines": [3, 4, 6, 7, 9, 12, 13, 44, 45, 56, 57, 68, 69, 81, 82, 94, 95], "summary": {"covered_lines": 17, "num_statements": 45, "percent_covered": 37.77777777777778, "percent_covered_display": "38", "missing_lines": 28, "excluded_lines": 0, "percent_statements_covered": 37.77777777777778, "percent_statements_covered_display": "38"}, "missing_lines": [19, 20, 21, 23, 24, 25, 28, 29, 30, 34, 41, 53, 62, 63, 64, 65, 75, 76, 77, 78, 88, 89, 90, 91, 100, 101, 102, 103], "excluded_lines": [], "functions": {"add_listing_by_url": {"executed_lines": [], "summary": {"covered_lines": 0, "num_statements": 11, "percent_covered": 0.0, "percent_covered_display": "0", "missing_lines": 11, "excluded_lines": 0, "percent_statements_covered": 0.0, "percent_statements_covered_display": "0"}, "missing_lines": [19, 20, 21, 23, 24, 25, 28, 29, 30, 34, 41], "excluded_lines": [], "start_line": 13}, "list_listings": {"executed_lines": [], "summary": {"covered_lines": 0, "num_statements": 1, "percent_covered": 0.0, "percent_covered_display": "0", "missing_lines": 1, "excluded_lines": 0, "percent_statements_covered": 0.0, "percent_statements_covered_display": "0"}, "missing_lines": [53], "excluded_lines": [], "start_line": 45}, "get_listing": {"executed_lines": [], "summary": {"covered_lines": 0, "num_statements": 4, "percent_covered": 0.0, "percent_covered_display": "0", "missing_lines": 4, "excluded_lines": 0, "percent_statements_covered": 0.0, "percent_statements_covered_display": "0"}, "missing_lines": [62, 63, 64, 65], "excluded_lines": [], "start_line": 57}, "update_listing": {"executed_lines": [], "summary": {"covered_lines": 0, "num_statements": 4, "percent_covered": 0.0, "percent_covered_display": "0", "missing_lines": 4, "excluded_lines": 0, "percent_statements_covered": 0.0, "percent_statements_covered_display": "0"}, "missing_lines": [75, 76, 77, 78], "excluded_lines": [], "start_line": 69}, "mark_listing_sold": {"executed_lines": [], "summary": {"covered_lines": 0, "num_statements": 4, "percent_covered": 0.0, "percent_covered_display": "0", "missing_lines": 4, "excluded_lines": 0, "percent_statements_covered": 0.0, "percent_statements_covered_display": "0"}, "missing_lines": [88, 89, 90, 91], "excluded_lines": [], "start_line": 82}, "delete_listing": {"executed_lines": [], "summary": {"covered_lines": 0, "num_statements": 4, "percent_covered": 0.0, "percent_covered_display": "0", "missing_lines": 4, "excluded_lines": 0, "percent_statements_covered": 0.0, "percent_statements_covered_display": "0"}, "missing_lines": [100, 101, 102, 103], "excluded_lines": [], "start_line": 95}, "": {"executed_lines": [3, 4, 6, 7, 9, 12, 13, 44, 45, 56, 57, 68, 69, 81, 82, 94, 95], "summary": {"covered_lines": 17, "num_statements": 17, "percent_covered": 100.0, "percent_covered_display": "100", "missing_lines": 0, "excluded_lines": 0, "percent_statements_covered": 100.0, "percent_statements_covered_display": "100"}, "missing_lines": [], "excluded_lines": [], "start_line": 1}}, "classes": {"": {"executed_lines": [3, 4, 6, 7, 9, 12, 13, 44, 45, 56, 57, 68, 69, 81, 82, 94, 95], "summary": {"covered_lines": 17, "num_statements": 45, "percent_covered": 37.77777777777778, "percent_covered_display": "38", "missing_lines": 28, "excluded_lines": 0, "percent_statements_covered": 37.77777777777778, "percent_statements_covered_display": "38"}, "missing_lines": [19, 20, 21, 23, 24, 25, 28, 29, 30, 34, 41, 53, 62, 63, 64, 65, 75, 76, 77, 78, 88, 89, 90, 91, 100, 101, 102, 103], "excluded_lines": [], "start_line": 1}}}, "app/scheduler.py": {"executed_lines": [3, 5, 8, 14, 20, 27, 35, 43], "summary": {"covered_lines": 8, "num_statements": 11, "percent_covered": 72.72727272727273, "percent_covered_display": "73", "missing_lines": 3, "excluded_lines": 0, "percent_statements_covered": 72.72727272727273, "percent_statements_covered_display": "73"}, "missing_lines": [11, 17, 23], "excluded_lines": [], "functions": {"refresh_active_listings": {"executed_lines": [], "summary": {"covered_lines": 0, "num_statements": 1, "percent_covered": 0.0, "percent_covered_display": "0", "missing_lines": 1, "excluded_lines": 0, "percent_statements_covered": 0.0, "percent_statements_covered_display": "0"}, "missing_lines": [11], "excluded_lines": [], "start_line": 8}, "scrape_competitor_prices": {"executed_lines": [], "summary": {"covered_lines": 0, "num_statements": 1, "percent_covered": 0.0, "percent_covered_display": "0", "missing_lines": 1, "excluded_lines": 0, "percent_statements_covered": 0.0, "percent_statements_covered_display": "0"}, "missing_lines": [17], "excluded_lines": [], "start_line": 14}, "cleanup_old_data": {"executed_lines": [], "summary": {"covered_lines": 0, "num_statements": 1, "percent_covered": 0.0, "percent_covered_display": "0", "missing_lines": 1, "excluded_lines": 0, "percent_statements_covered": 0.0, "percent_statements_covered_display": "0"}, "missing_lines": [23], "excluded_lines": [], "start_line": 20}, "": {"executed_lines": [3, 5, 8, 14, 20, 27, 35, 43], "summary": {"covered_lines": 8, "num_statements": 8, "percent_covered": 100.0, "percent_covered_display": "100", "missing_lines": 0, "excluded_lines": 0, "percent_statements_covered": 100.0, "percent_statements_covered_display": "100"}, "missing_lines": [], "excluded_lines": [], "start_line": 1}}, "classes": {"": {"executed_lines": [3, 5, 8, 14, 20, 27, 35, 43], "summary": {"covered_lines": 8, "num_statements": 11, "percent_covered": 72.72727272727273, "percent_covered_display": "73", "missing_lines": 3, "excluded_lines": 0, "percent_statements_covered": 72.72727272727273, "percent_statements_covered_display": "73"}, "missing_lines": [11, 17, 23], "excluded_lines": [], "start_line": 1}}}, "app/schemas.py": {"executed_lines": [3, 4, 6, 9, 12, 13, 14, 15, 16, 19, 22, 23, 25, 26, 27, 28, 29, 30, 31, 32, 33, 34, 35, 36, 37, 38, 41, 44, 47, 50, 51, 52, 53, 54, 55, 56, 57, 58, 59, 60, 63, 67, 68, 72, 73, 76, 79, 80, 83, 87, 88, 91, 94, 95, 96, 97, 98, 101, 105, 106, 107, 108, 109, 110, 113, 120], "summary": {"covered_lines": 66, "num_statements": 66, "percent_covered": 100.0, "percent_covered_display": "100", "missing_lines": 0, "excluded_lines": 0, "percent_statements_covered": 100.0, "percent_statements_covered_display": "100"}, "missing_lines": [], "excluded_lines": [], "functions": {"": {"executed_lines": [3, 4, 6, 9, 12, 13, 14, 15, 16, 19, 22, 23, 25, 26, 27, 28, 29, 30, 31, 32, 33, 34, 35, 36, 37, 38, 41, 44, 47, 50, 51, 52, 53, 54, 55, 56, 57, 58, 59, 60, 63, 67, 68, 72, 73, 76, 79, 80, 83, 87, 88, 91, 94, 95, 96, 97, 98, 101, 105, 106, 107, 108, 109, 110, 113, 120], "summary": {"covered_lines": 66, "num_statements": 66, "percent_covered": 100.0, "percent_covered_display": "100", "missing_lines": 0, "excluded_lines": 0, "percent_statements_covered": 100.0, "percent_statements_covered_display": "100"}, "missing_lines": [], "excluded_lines": [], "start_line": 1}}, "classes": {"ItemCondition": {"executed_lines": [], "summary": {"covered_lines": 0, "num_statements": 0, "percent_covered": 100.0, "percent_covered_display": "100", "missing_lines": 0, "excluded_lines": 0, "percent_statements_covered": 100.0, "percent_statements_covered_display": "100"}, "missing_lines": [], "excluded_lines": [], "start_line": 9}, "ListingBase": {"executed_lines": [], "summary": {"covered_lines": 0, "num_statements": 0, "percent_covered": 100.0, "percent_covered_display": "100", "missing_lines": 0, "excluded_lines": 0, "percent_statements_covered": 100.0, "percent_statements_covered_display": "100"}, "missing_lines": [], "excluded_lines": [], "start_line": 19}, "ListingCreate": {"executed_lines": [], "summary": {"covered_lines": 0, "num_statements": 0, "percent_covered": 100.0, "percent_covered_display": "100", "missing_lines": 0, "excluded_lines": 0, "percent_statements_covered": 100.0, "percent_statements_covered_display": "100"}, "missing_lines": [], "excluded_lines": [], "start_line": 41}, "ListingUpdate": {"executed_lines": [], "summary": {"covered_lines": 0, "num_statements": 0, "percent_covered": 100.0, "percent_covered_display": "100", "missing_lines": 0, "excluded_lines": 0, "percent_statements_covered": 100.0, "percent_statements_covered_display": "100"}, "missing_lines": [], "excluded_lines": [], "start_line": 47}, "ListingResponse": {"executed_lines": [], "summary": {"covered_lines": 0, "num_statements": 0, "percent_covered": 100.0, "percent_covered_display": "100", "missing_lines": 0, "excluded_lines": 0, "percent_statements_covered": 100.0, "percent_statements_covered_display": "100"}, "missing_lines": [], "excluded_lines": [], "start_line": 63}, "ListingResponse.Config": {"executed_lines": [], "summary": {"covered_lines": 0, "num_statements": 0, "percent_covered": 100.0, "percent_covered_display": "100", "missing_lines": 0, "excluded_lines": 0, "percent_statements_covered": 100.0, "percent_statements_covered_display": "100"}, "missing_lines": [], "excluded_lines": [], "start_line": 72}, "ListingMarkSold": {"executed_lines": [], "summary": {"covered_lines": 0, "num_statements": 0, "percent_covered": 100.0, "percent_covered_display": "100", "missing_lines": 0, "excluded_lines": 0, "percent_statements_covered": 100.0, "percent_statements_covered_display": "100"}, "missing_lines": [], "excluded_lines": [], "start_line": 76}, "AddListingByURL": {"executed_lines": [], "summary": {"covered_lines": 0, "num_statements": 0, "percent_covered": 100.0, "percent_covered_display": "100", "missing_lines": 0, "excluded_lines": 0, "percent_statements_covered": 100.0, "percent_statements_covered_display": "100"}, "missing_lines": [], "excluded_lines": [], "start_line": 83}, "GenerateDescriptionRequest": {"executed_lines": [], "summary": {"covered_lines": 0, "num_statements": 0, "percent_covered": 100.0, "percent_covered_display": "100", "missing_lines": 0, "excluded_lines": 0, "percent_statements_covered": 100.0, "percent_statements_covered_display": "100"}, "missing_lines": [], "excluded_lines": [], "start_line": 91}, "GenerateDescriptionResponse": {"executed_lines": [], "summary": {"covered_lines": 0, "num_statements": 0, "percent_covered": 100.0, "percent_covered_display": "100", "missing_lines": 0, "excluded_lines": 0, "percent_statements_covered": 100.0, "percent_statements_covered_display": "100"}, "missing_lines": [], "excluded_lines": [], "start_line": 101}, "ImageUploadResponse": {"executed_lines": [], "summary": {"covered_lines": 0, "num_statements": 0, "percent_covered": 100.0, "percent_covered_display": "100", "missing_lines": 0, "excluded_lines": 0, "percent_statements_covered": 100.0, "percent_statements_covered_display": "100"}, "missing_lines": [], "excluded_lines": [], "start_line": 113}, "CategoryResponse": {"executed_lines": [], "summary": {"covered_lines": 0, "num_statements": 0, "percent_covered": 100.0, "percent_covered_display": "100", "missing_lines": 0, "excluded_lines": 0, "percent_statements_covered": 100.0, "percent_statements_covered_display": "100"}, "missing_lines": [], "excluded_lines": [], "start_line": 120}, "": {"executed_lines": [3, 4, 6, 9, 12, 13, 14, 15, 16, 19, 22, 23, 25, 26, 27, 28, 29, 30, 31, 32, 33, 34, 35, 36, 37, 38, 41, 44, 47, 50, 51, 52, 53, 54, 55, 56, 57, 58, 59, 60, 63, 67, 68, 72, 73, 76, 79, 80, 83, 87, 88, 91, 94, 95, 96, 97, 98, 101, 105, 106, 107, 108, 109, 110, 113, 120], "summary": {"covered_lines": 66, "num_statements": 66, "percent_covered": 100.0, "percent_covered_display": "100", "missing_lines": 0, "excluded_lines": 0, "percent_statements_covered": 100.0, "percent_statements_covered_display": "100"}, "missing_lines": [], "excluded_lines": [], "start_line": 1}}}, "app/services/__init__.py": {"executed_lines": [], "summary": {"covered_lines": 0, "num_statements": 0, "percent_covered": 100.0, "percent_covered_display": "100", "missing_lines": 0, "excluded_lines": 0, "percent_statements_covered": 100.0, "percent_statements_covered_display": "100"}, "missing_lines": [], "excluded_lines": [], "functions": {"": {"executed_lines": [], "summary": {"covered_lines": 0, "num_statements": 0, "percent_covered": 100.0, "percent_covered_display": "100", "missing_lines": 0, "excluded_lines": 0, "percent_statements_covered": 100.0, "percent_statements_covered_display": "100"}, "missing_lines": [], "excluded_lines": [], "start_line": 1}}, "classes": {"": {"executed_lines": [], "summary": {"covered_lines": 0, "num_statements": 0, "percent_covered": 100.0, "percent_covered_display": "100", "missing_lines": 0, "excluded_lines": 0, "percent_statements_covered": 100.0, "percent_statements_covered_display": "100"}, "missing_lines": [], "excluded_lines": [], "start_line": 1}}}, "app/services/ai.py": {"executed_lines": [3, 4, 5, 6, 8, 9, 11, 13, 16, 19, 20, 21, 22, 25, 26, 27, 29, 30, 31, 33, 34, 35, 37, 47, 50, 51, 52, 53, 54, 56, 57, 58, 59, 60, 62, 63, 64, 68, 69, 71, 80, 86, 87, 89, 91, 93, 94, 95, 97, 100, 101, 102, 112, 118, 120, 122, 123, 124, 126, 129, 130, 131, 142, 143, 157, 158, 159, 161, 163, 164, 165, 168, 170, 171, 181, 182, 183, 185, 187, 188, 189, 190, 193, 194, 195, 196, 197, 199, 200, 204, 315], "summary": {"covered_lines": 91, "num_statements": 93, "percent_covered": 97.84946236559139, "percent_covered_display": "98", "missing_lines": 2, "excluded_lines": 0, "percent_statements_covered": 97.84946236559139, "percent_statements_covered_display": "98"}, "missing_lines": [65, 66], "excluded_lines": [], "functions": {"AIService.__init__": {"executed_lines": [20, 21, 22, 25, 26, 27, 29, 30, 31, 33, 34, 35], "summary": {"covered_lines": 12, "num_statements": 12, "percent_covered": 100.0, "percent_covered_display": "100", "missing_lines": 0, "excluded_lines": 0, "percent_statements_covered": 100.0, "percent_statements_covered_display": "100"}, "missing_lines": [], "excluded_lines": [], "start_line": 19}, "AIService.generate_description": {"executed_lines": [47, 50, 51, 52, 53, 54, 56, 57, 58, 59, 60, 62, 63, 64, 68, 69], "summary": {"covered_lines": 16, "num_statements": 18, "percent_covered": 88.88888888888889, "percent_covered_display": "89", "missing_lines": 2, "excluded_lines": 0, "percent_statements_covered": 88.88888888888889, "percent_statements_covered_display": "89"}, "missing_lines": [65, 66], "excluded_lines": [], "start_line": 37}, "AIService._build_prompt": {"executed_lines": [80, 86, 87, 89], "summary": {"covered_lines": 4, "num_statements": 4, "percent_covered": 100.0, "percent_covered_display": "100", "missing_lines": 0, "excluded_lines": 0, "percent_statements_covered": 100.0, "percent_statements_covered_display": "100"}, "missing_lines": [], "excluded_lines": [], "start_line": 71}, "AIService._generate_with_openai": {"executed_lines": [93, 94, 95, 97, 100, 101, 102, 112, 118], "summary": {"covered_lines": 9, "num_statements": 9, "percent_covered": 100.0, "percent_covered_display": "100", "missing_lines": 0, "excluded_lines": 0, "percent_statements_covered": 100.0, "percent_statements_covered_display": "100"}, "missing_lines": [], "excluded_lines": [], "start_line": 91}, "AIService._generate_with_anthropic": {"executed_lines": [122, 123, 124, 126, 129, 130, 131, 142, 143, 157, 158, 159], "summary": {"covered_lines": 12, "num_statements": 12, "percent_covered": 100.0, "percent_covered_display": "100", "missing_lines": 0, "excluded_lines": 0, "percent_statements_covered": 100.0, "percent_statements_covered_display": "100"}, "missing_lines": [], "excluded_lines": [], "start_line": 120}, "AIService._generate_with_ollama": {"executed_lines": [163, 164, 165, 168, 170, 171, 181, 182, 183], "summary": {"covered_lines": 9, "num_statements": 9, "percent_covered": 100.0, "percent_covered_display": "100", "missing_lines": 0, "excluded_lines": 0, "percent_statements_covered": 100.0, "percent_statements_covered_display": "100"}, "missing_lines": [], "excluded_lines": [], "start_line": 161}, "AIService._load_image_base64": {"executed_lines": [187, 188, 189, 190, 193, 194, 195, 196, 197, 199, 200], "summary": {"covered_lines": 11, "num_statements": 11, "percent_covered": 100.0, "percent_covered_display": "100", "missing_lines": 0, "excluded_lines": 0, "percent_statements_covered": 100.0, "percent_statements_covered_display": "100"}, "missing_lines": [], "excluded_lines": [], "start_line": 185}, "": {"executed_lines": [3, 4, 5, 6, 8, 9, 11, 13, 16, 19, 37, 71, 91, 120, 161, 185, 204, 315], "summary": {"covered_lines": 18, "num_statements": 18, "percent_covered": 100.0, "percent_covered_display": "100", "missing_lines": 0, "excluded_lines": 0, "percent_statements_covered": 100.0, "percent_statements_covered_display": "100"}, "missing_lines": [], "excluded_lines": [], "start_line": 1}}, "classes": {"AIService": {"executed_lines": [20, 21, 22, 25, 26, 27, 29, 30, 31, 33, 34, 35, 47, 50, 51, 52, 53, 54, 56, 57, 58, 59, 60, 62, 63, 64, 68, 69, 80, 86, 87, 89, 93, 94, 95, 97, 100, 101, 102, 112, 118, 122, 123, 124, 126, 129, 130, 131, 142, 143, 157, 158, 159, 163, 164, 165, 168, 170, 171, 181, 182, 183, 187, 188, 189, 190, 193, 194, 195, 196, 197, 199, 200], "summary": {"covered_lines": 73, "num_statements": 75, "percent_covered": 97.33333333333333, "percent_covered_display": "97", "missing_lines": 2, "excluded_lines": 0, "percent_statements_covered": 97.33333333333333, "percent_statements_covered_display": "97"}, "missing_lines": [65, 66], "excluded_lines": [], "start_line": 16}, "": {"executed_lines": [3, 4, 5, 6, 8, 9, 11, 13, 16, 19, 37, 71, 91, 120, 161, 185, 204, 315], "summary": {"covered_lines": 18, "num_statements": 18, "percent_covered": 100.0, "percent_covered_display": "100", "missing_lines": 0, "excluded_lines": 0, "percent_statements_covered": 100.0, "percent_statements_covered_display": "100"}, "missing_lines": [], "excluded_lines": [], "start_line": 1}}}, "app/services/scraper.py": {"executed_lines": [3, 4, 5, 6, 7, 8, 10, 11, 13, 15, 18, 19, 26, 29, 32, 33, 34, 35, 47, 49, 51, 52, 53, 54, 55, 57, 65, 66, 68, 72, 73, 74, 78, 79, 81, 84, 85, 88, 89, 91, 98, 100, 102, 103, 104, 105, 107, 108, 111, 113, 114, 116, 117, 118, 120, 121, 124, 125, 128, 129, 130, 132, 133, 135, 136, 149, 150, 152, 153, 154, 156, 164, 167, 168, 169, 172, 174, 175, 176, 177, 179, 180, 183, 187, 188, 190, 191, 194, 197, 198, 200, 203, 204, 205, 207, 208, 210, 211, 224, 225, 227, 228, 229, 231, 234, 236, 237, 238, 239, 240, 242, 244, 245, 248, 249, 252, 253, 255, 256, 258, 261, 264, 265, 267, 288, 292, 293, 302, 303, 306, 307, 308, 313, 321, 322, 324], "summary": {"covered_lines": 136, "num_statements": 146, "percent_covered": 93.15068493150685, "percent_covered_display": "93", "missing_lines": 10, "excluded_lines": 0, "percent_statements_covered": 93.15068493150685, "percent_statements_covered_display": "93"}, "missing_lines": [76, 122, 145, 146, 147, 192, 199, 220, 221, 222], "excluded_lines": [], "functions": {"ScraperService.__init__": {"executed_lines": [33, 34, 35], "summary": {"covered_lines": 3, "num_statements": 3, "percent_covered": 100.0, "percent_covered_display": "100", "missing_lines": 0, "excluded_lines": 0, "percent_statements_covered": 100.0, "percent_statements_covered_display": "100"}, "missing_lines": [], "excluded_lines": [], "start_line": 32}, "ScraperService._apply_rate_limit": {"executed_lines": [49, 51, 52, 53, 54, 55], "summary": {"covered_lines": 6, "num_statements": 6, "percent_covered": 100.0, "percent_covered_display": "100", "missing_lines": 0, "excluded_lines": 0, "percent_statements_covered": 100.0, "percent_statements_covered_display": "100"}, "missing_lines": [], "excluded_lines": [], "start_line": 47}, "ScraperService.find_similar_items": {"executed_lines": [65, 66, 68, 72, 73, 74, 78, 79, 81, 84, 85, 88, 89], "summary": {"covered_lines": 13, "num_statements": 14, "percent_covered": 92.85714285714286, "percent_covered_display": "93", "missing_lines": 1, "excluded_lines": 0, "percent_statements_covered": 92.85714285714286, "percent_statements_covered_display": "93"}, "missing_lines": [76], "excluded_lines": [], "start_line": 57}, "ScraperService._search_olx": {"executed_lines": [98, 100, 102, 103, 104, 105, 107, 108, 111, 113, 114, 116, 117, 118, 120, 121, 124, 125, 128, 129, 130, 132, 133, 135, 136, 149, 150, 152, 153, 154], "summary": {"covered_lines": 30, "num_statements": 34, "percent_covered": 88.23529411764706, "percent_covered_display": "88", "missing_lines": 4, "excluded_lines": 0, "percent_statements_covered": 88.23529411764706, "percent_statements_covered_display": "88"}, "missing_lines": [122, 145, 146, 147], "excluded_lines": [], "start_line": 91}, "ScraperService._search_vinted": {"executed_lines": [164, 167, 168, 169, 172, 174, 175, 176, 177, 179, 180, 183, 187, 188, 190, 191, 194, 197, 198, 200, 203, 204, 205, 207, 208, 210, 211, 224, 225, 227, 228, 229], "summary": {"covered_lines": 32, "num_statements": 37, "percent_covered": 86.48648648648648, "percent_covered_display": "86", "missing_lines": 5, "excluded_lines": 0, "percent_statements_covered": 86.48648648648648, "percent_statements_covered_display": "86"}, "missing_lines": [192, 199, 220, 221, 222], "excluded_lines": [], "start_line": 156}, "ScraperService._parse_price": {"executed_lines": [234, 236, 237, 238, 239, 240], "summary": {"covered_lines": 6, "num_statements": 6, "percent_covered": 100.0, "percent_covered_display": "100", "missing_lines": 0, "excluded_lines": 0, "percent_statements_covered": 100.0, "percent_statements_covered_display": "100"}, "missing_lines": [], "excluded_lines": [], "start_line": 231}, "ScraperService._calculate_similarity": {"executed_lines": [244, 245, 248, 249, 252, 253, 255, 256, 258], "summary": {"covered_lines": 9, "num_statements": 9, "percent_covered": 100.0, "percent_covered_display": "100", "missing_lines": 0, "excluded_lines": 0, "percent_statements_covered": 100.0, "percent_statements_covered_display": "100"}, "missing_lines": [], "excluded_lines": [], "start_line": 242}, "PriceSuggestionService.__init__": {"executed_lines": [265], "summary": {"covered_lines": 1, "num_statements": 1, "percent_covered": 100.0, "percent_covered_display": "100", "missing_lines": 0, "excluded_lines": 0, "percent_statements_covered": 100.0, "percent_statements_covered_display": "100"}, "missing_lines": [], "excluded_lines": [], "start_line": 264}, "PriceSuggestionService.suggest_price": {"executed_lines": [288, 292, 293, 302, 303, 306, 307, 308, 313, 321, 322, 324], "summary": {"covered_lines": 12, "num_statements": 12, "percent_covered": 100.0, "percent_covered_display": "100", "missing_lines": 0, "excluded_lines": 0, "percent_statements_covered": 100.0, "percent_statements_covered_display": "100"}, "missing_lines": [], "excluded_lines": [], "start_line": 267}, "": {"executed_lines": [3, 4, 5, 6, 7, 8, 10, 11, 13, 15, 18, 19, 26, 29, 32, 47, 57, 91, 156, 231, 242, 261, 264, 267], "summary": {"covered_lines": 24, "num_statements": 24, "percent_covered": 100.0, "percent_covered_display": "100", "missing_lines": 0, "excluded_lines": 0, "percent_statements_covered": 100.0, "percent_statements_covered_display": "100"}, "missing_lines": [], "excluded_lines": [], "start_line": 1}}, "classes": {"SimilarItem": {"executed_lines": [], "summary": {"covered_lines": 0, "num_statements": 0, "percent_covered": 100.0, "percent_covered_display": "100", "missing_lines": 0, "excluded_lines": 0, "percent_statements_covered": 100.0, "percent_statements_covered_display": "100"}, "missing_lines": [], "excluded_lines": [], "start_line": 19}, "ScraperService": {"executed_lines": [33, 34, 35, 49, 51, 52, 53, 54, 55, 65, 66, 68, 72, 73, 74, 78, 79, 81, 84, 85, 88, 89, 98, 100, 102, 103, 104, 105, 107, 108, 111, 113, 114, 116, 117, 118, 120, 121, 124, 125, 128, 129, 130, 132, 133, 135, 136, 149, 150, 152, 153, 154, 164, 167, 168, 169, 172, 174, 175, 176, 177, 179, 180, 183, 187, 188, 190, 191, 194, 197, 198, 200, 203, 204, 205, 207, 208, 210, 211, 224, 225, 227, 228, 229, 234, 236, 237, 238, 239, 240, 244, 245, 248, 249, 252, 253, 255, 256, 258], "summary": {"covered_lines": 99, "num_statements": 109, "percent_covered": 90.8256880733945, "percent_covered_display": "91", "missing_lines": 10, "excluded_lines": 0, "percent_statements_covered": 90.8256880733945, "percent_statements_covered_display": "91"}, "missing_lines": [76, 122, 145, 146, 147, 192, 199, 220, 221, 222], "excluded_lines": [], "start_line": 29}, "PriceSuggestionService": {"executed_lines": [265, 288, 292, 293, 302, 303, 306, 307, 308, 313, 321, 322, 324], "summary": {"covered_lines": 13, "num_statements": 13, "percent_covered": 100.0, "percent_covered_display": "100", "missing_lines": 0, "excluded_lines": 0, "percent_statements_covered": 100.0, "percent_statements_covered_display": "100"}, "missing_lines": [], "excluded_lines": [], "start_line": 261}, "": {"executed_lines": [3, 4, 5, 6, 7, 8, 10, 11, 13, 15, 18, 19, 26, 29, 32, 47, 57, 91, 156, 231, 242, 261, 264, 267], "summary": {"covered_lines": 24, "num_statements": 24, "percent_covered": 100.0, "percent_covered_display": "100", "missing_lines": 0, "excluded_lines": 0, "percent_statements_covered": 100.0, "percent_statements_covered_display": "100"}, "missing_lines": [], "excluded_lines": [], "start_line": 1}}}, "app/services/storage.py": {"executed_lines": [3, 4, 5, 6, 8, 9, 11, 14, 15, 18, 19, 22, 25, 26, 27, 29, 32, 33, 34, 35, 38, 39, 42, 44, 46, 49, 50, 51, 52, 53, 54, 57, 58, 59, 62, 69, 70, 72, 73, 75, 76, 77, 79, 81, 82, 83, 84, 85, 86, 87, 88, 89, 91, 93, 94, 95, 96, 99, 100, 101, 103, 104, 105, 106, 107, 108, 109, 110], "summary": {"covered_lines": 68, "num_statements": 68, "percent_covered": 100.0, "percent_covered_display": "100", "missing_lines": 0, "excluded_lines": 0, "percent_statements_covered": 100.0, "percent_statements_covered_display": "100"}, "missing_lines": [], "excluded_lines": [], "functions": {"StorageService.__init__": {"executed_lines": [26, 27], "summary": {"covered_lines": 2, "num_statements": 2, "percent_covered": 100.0, "percent_covered_display": "100", "missing_lines": 0, "excluded_lines": 0, "percent_statements_covered": 100.0, "percent_statements_covered_display": "100"}, "missing_lines": [], "excluded_lines": [], "start_line": 25}, "StorageService.save_image": {"executed_lines": [32, 33, 34, 35, 38, 39, 42, 44, 46, 49, 50, 51, 52, 53, 54, 57, 58, 59, 62, 69, 70, 72, 73, 75, 76, 77], "summary": {"covered_lines": 26, "num_statements": 26, "percent_covered": 100.0, "percent_covered_display": "100", "missing_lines": 0, "excluded_lines": 0, "percent_statements_covered": 100.0, "percent_statements_covered_display": "100"}, "missing_lines": [], "excluded_lines": [], "start_line": 29}, "StorageService.save_images": {"executed_lines": [81, 82, 83, 84, 85, 86, 87, 88, 89], "summary": {"covered_lines": 9, "num_statements": 9, "percent_covered": 100.0, "percent_covered_display": "100", "missing_lines": 0, "excluded_lines": 0, "percent_statements_covered": 100.0, "percent_statements_covered_display": "100"}, "missing_lines": [], "excluded_lines": [], "start_line": 79}, "StorageService.delete_image": {"executed_lines": [93, 94, 95, 96, 99, 100, 101, 103, 104, 105, 106, 107, 108, 109, 110], "summary": {"covered_lines": 15, "num_statements": 15, "percent_covered": 100.0, "percent_covered_display": "100", "missing_lines": 0, "excluded_lines": 0, "percent_statements_covered": 100.0, "percent_statements_covered_display": "100"}, "missing_lines": [], "excluded_lines": [], "start_line": 91}, "": {"executed_lines": [3, 4, 5, 6, 8, 9, 11, 14, 15, 18, 19, 22, 25, 29, 79, 91], "summary": {"covered_lines": 16, "num_statements": 16, "percent_covered": 100.0, "percent_covered_display": "100", "missing_lines": 0, "excluded_lines": 0, "percent_statements_covered": 100.0, "percent_statements_covered_display": "100"}, "missing_lines": [], "excluded_lines": [], "start_line": 1}}, "classes": {"StorageService": {"executed_lines": [26, 27, 32, 33, 34, 35, 38, 39, 42, 44, 46, 49, 50, 51, 52, 53, 54, 57, 58, 59, 62, 69, 70, 72, 73, 75, 76, 77, 81, 82, 83, 84, 85, 86, 87, 88, 89, 93, 94, 95, 96, 99, 100, 101, 103, 104, 105, 106, 107, 108, 109, 110], "summary": {"covered_lines": 52, "num_statements": 52, "percent_covered": 100.0, "percent_covered_display": "100", "missing_lines": 0, "excluded_lines": 0, "percent_statements_covered": 100.0, "percent_statements_covered_display": "100"}, "missing_lines": [], "excluded_lines": [], "start_line": 22}, "": {"executed_lines": [3, 4, 5, 6, 8, 9, 11, 14, 15, 18, 19, 22, 25, 29, 79, 91], "summary": {"covered_lines": 16, "num_statements": 16, "percent_covered": 100.0, "percent_covered_display": "100", "missing_lines": 0, "excluded_lines": 0, "percent_statements_covered": 100.0, "percent_statements_covered_display": "100"}, "missing_lines": [], "excluded_lines": [], "start_line": 1}}}}, "totals": {"covered_lines": 548, "num_statements": 650, "percent_covered": 84.3076923076923, "percent_covered_display": "84", "missing_lines": 102, "excluded_lines": 0, "percent_statements_covered": 84.3076923076923, "percent_statements_covered_display": "84"}}